<?xml version="1.0" encoding="UTF-8"?>
<!-- Generated by org.testng.reporters.JUnitReportReporter -->
<testsuite name="com.fabHotels.test.DeepLinkVerification" tests="1" time="1.451" ignored="0" failures="0" timestamp="18 Oct 2017 11:10:50 GMT" skipped="0" hostname="ASDW0106" errors="0">
  <testcase name="Verify_DeepLink_Takes_User_For_New_Delhi_Search_Result" time="1.451" classname="com.fabHotels.test.DeepLinkVerification"/>
</testsuite> <!-- com.fabHotels.test.DeepLinkVerification -->
