<?xml version="1.0" encoding="UTF-8"?>
<!-- Generated by org.testng.reporters.JUnitReportReporter -->
<testsuite name="com.fabHotels.test.Contact_Number_Verifcation" tests="3" time="9.804" ignored="0" failures="0" timestamp="18 Oct 2017 08:47:43 GMT" skipped="0" hostname="ASDW0106" errors="0">
  <testcase name="Launch_Application_And_Skip_OTP_Verification_Test" time="6.950" classname="com.fabHotels.test.Contact_Number_Verifcation"/>
  <testcase name="Verify_Customer_Care_Number_Comes_Pre_Filled_On_Dialer_Screen" time="2.773" classname="com.fabHotels.test.Contact_Number_Verifcation"/>
  <testcase name="Verify_Customer_Number_Contact_Icon_On_Right_Top_Corner" time="0.081" classname="com.fabHotels.test.Contact_Number_Verifcation"/>
</testsuite> <!-- com.fabHotels.test.Contact_Number_Verifcation -->
