<?xml version="1.0" encoding="UTF-8"?>
<!-- Generated by org.testng.reporters.JUnitReportReporter -->
<testsuite name="com.fabHotels.test.List_All_Localities_And_Hotels" tests="3" time="58.366" ignored="0" failures="0" timestamp="18 Oct 2017 08:22:01 GMT" skipped="0" hostname="ASDW0106" errors="0">
  <testcase name="Launch_Application_And_Skip_OTP_Verification_Test" time="4.417" classname="com.fabHotels.test.List_All_Localities_And_Hotels"/>
  <testcase name="Tap_On_New_Delhi_Icon_Present_On_HomeScreen" time="1.266" classname="com.fabHotels.test.List_All_Localities_And_Hotels"/>
  <testcase name="List_Number_Of_Hotels_In_Each_Localities" time="52.683" classname="com.fabHotels.test.List_All_Localities_And_Hotels"/>
</testsuite> <!-- com.fabHotels.test.List_All_Localities_And_Hotels -->
