<?xml version="1.0" encoding="UTF-8"?>
<!-- Generated by org.testng.reporters.JUnitReportReporter -->
<testsuite name="com.fabHotels.test.Search_From_Screen_Test" tests="2" time="13.235" ignored="0" failures="0" timestamp="18 Oct 2017 10:44:23 GMT" skipped="0" hostname="ASDW0106" errors="0">
  <testcase name="Launch_Application_And_Skip_OTP_Verification_Test" time="5.846" classname="com.fabHotels.test.Search_From_Screen_Test"/>
  <testcase name="Verify_Search_Form_Screen_Opens_Up_When_User_Taps_On_Search_Text_Field" time="7.389" classname="com.fabHotels.test.Search_From_Screen_Test"/>
</testsuite> <!-- com.fabHotels.test.Search_From_Screen_Test -->
