<?xml version="1.0" encoding="UTF-8"?>
<!-- Generated by org.testng.reporters.JUnitReportReporter -->
<testsuite name="com.fabHotels.test.Coupon_Removal_For_Pay_At_Hotel" tests="4" time="57.223" ignored="0" failures="0" timestamp="18 Oct 2017 10:16:32 GMT" skipped="0" hostname="ASDW0106" errors="0">
  <testcase name="Navigate_To_Hotel_Screen_To_Book_A_Hotel" time="11.330" classname="com.fabHotels.test.Coupon_Removal_For_Pay_At_Hotel"/>
  <testcase name="Launch_Application_And_Skip_OTP_Verification_Test" time="5.834" classname="com.fabHotels.test.Coupon_Removal_For_Pay_At_Hotel"/>
  <testcase name="Verify_User_Is_Able_To_Apply_Coupon" time="9.803" classname="com.fabHotels.test.Coupon_Removal_For_Pay_At_Hotel"/>
  <testcase name="Verify_Coupon_Removed_For_Pay_At_Hotel_Option" time="30.256" classname="com.fabHotels.test.Coupon_Removal_For_Pay_At_Hotel"/>
</testsuite> <!-- com.fabHotels.test.Coupon_Removal_For_Pay_At_Hotel -->
