<?xml version="1.0" encoding="UTF-8"?>
<!-- Generated by org.testng.reporters.JUnitReportReporter -->
<testsuite name="com.fabHotels.test.LaunchTest" tests="1" time="4.703" ignored="0" failures="0" timestamp="17 Oct 2017 07:50:23 GMT" skipped="0" hostname="ASDW0106" errors="0">
  <testcase name="launch_Test" time="4.703" classname="com.fabHotels.test.LaunchTest"/>
</testsuite> <!-- com.fabHotels.test.LaunchTest -->
